Python 3.4.1 (v3.4.1:c0e311e010fc, May 18 2014, 10:38:22) [MSC v.1600 32 bit (Intel)] on win32
Type "copyright", "credits" or "license()" for more information.
>>> ================================ RESTART ================================
>>> 
166
225
375
491
501
749
820
1173
1174
1192
1228
1230
1247
1259
1302
1303
1331
1344
1354
1356
1358
1370
1424
1602
1684
1735
1779
1780
1787
1914
1937
1964
2117
2188
2232
2258
2261
2268
2287
2344
2456
2649
2691
2696
2698
2706
2708
3066
3155
3183
3190
3210
3345
3349
3436
3461
3484
3485
3515
3518
3578
3595
3665
3855
4190
4279
4365
4378
4381
4403
4407
4416
4481
4488
4591
4593
4595
4598
4706
4774
5261
5586
5587
5589
5649
5713
5746
5808
5811
6033
6034
6197
6207
6373
6445
6594
6782
6783
6812
6813
6899
6900
6905
7369
7370
7443
7445
7477
7479
7484
7634
7735
7797
7868
7982
8021
8022
8033
8046
8047
8048
8053
8061
8122
8128
8129
8130
8131
8133
8134
8198
8307
8564
8646
8650
8735
8746
8816
8947
8949
8952
9268
9269
9270
9271
9314
9567
9568
9749
9818
9848
9851
9852
9993
10054
10145
10223
10482
10483
10545
10589
10610
10647
10655
10847
10848
10862
10973
11065
11073
11088
11658
11711
11720
11766
12004
12006
12007
12013
12014
12018
12066
12075
12077
12078
12079
12081
12082
12083
12084
12085
12087
12096
12098
12103
12104
12196
12197
12213
12249
12261
12545
12610
12670
12671
12693
12766
12784
12968
13148
13221
13291
13299
13385
13390
13419
13484
13485
13673
13722
13732
13795
13804
13809
13933
14004
14014
14025
14029
14044
14058
14066
14090
14113
14126
14135
14309
14310
14311
14428
14501
14592
14628
14747
14753
14802
15069
15176
15282
15317
15339
15464
15513
15555
15718
15774
15887
15944
16173
16229
16351
16354
16356
16357
16362
16477
16673
16749
16774
16796
16861
17098
17187
17355
17396
17657
17709
17722
17725
17816
18196
18284
18418
18516
18594
18756
18757
18758
18791
18809
18865
18868
18977
19002
19013
19019
19047
19151
19660
19689
19703
19754
19788
19805
19807
19821
19822
19850
19963
20007
20033
20084
20089
20096
20098
20132
20166
20177
20180
20251
20291
20603
20714
20715
20716
20717
20722
20809
20959
21080
21081
21178
21298
21300
21352
21355
21357
21363
21373
21386
21424
21425
21430
21443
21456
21486
21561
21573
21660
21835
22009
22023
22039
22173
22174
22268
22343
22781
22943
23020
23042
23078
23191
23193
23200
23201
23387
23390
23547
23699
23730
23883
23909
24003
24282
24352
24541
24580
24628
24643
24693
24694
24761
24834
24868
24869
24871
24897
25033
25042
25062
25070
25085
25092
25196
25218
25245
25309
25328
25430
25533
25933
26005
26007
26012
26013
26020
26021
26036
26043
26059
26062
26072
26073
26107
26125
26127
26132
26201
26240
26447
26449
26451
26458
26521
26545
26554
27004
27054
27062
27116
27207
27221
27224
27225
27367
27369
27495
27579
27810
27811
27813
27820
27821
27836
28013
28014
28026
28159
28370
28495
28596
28598
28619
28776
28824
28826
28974
28984
29011
29083
29147
29419
29442
29747
29749
29751
29956
30035
30053
30059
30072
30232
30306
30307
30443
30459
30721
30729
30743
30775
30827
30857
30858
30920
30921
31045
31048
31069
31070
31112
31113
31207
31249
31271
31276
31325
31361
31386
31433
31584
31768
31800
31802
31804
31805
31806
31807
31808
31901
31902
31913
31921
31922
32035
32134
32181
32262
32263
32268
32282
32344
32349
32369
32400
32802
33062
33108
33118
33137
33236
33362
33407
33457
33458
33682
33791
33812
33814
34003
34219
34293
34432
34475
34493
34494
34557
34561
34632
34659
34706
34711
34774
34776
34777
34778
34785
34814
34849
34850
35027
35028
35031
35042
35241
35271
35358
35440
35633
35644
35651
35750
35759
35824
35978
36006
36009
36096
36134
36228
36340
36341
36361
36439
36453
36508
36509
36589
36688
36889
36947
36988
37052
37057
37063
37135
37354
37653
37758
37759
37913
38146
38337
38399
38416
38561
38733
38734
38736
38754
38756
38757
38845
39020
39223
39274
39293
39375
39376
39424
39520
39522
39556
39557
39574
39579
39582
39583
39586
39637
39821
40481
41043
41264
41292
41461
41545
41546
41548
41563
41575
41628
41694
41739
41760
41823
42190
42202
42260
42679
42828
42874
42929
42967
43144
43221
43223
43356
43362
43378
43583
43679
43887
43893
43900
43961
44112
44113
44114
44127
44284
44318
44321
44397
44441
44442
44496
44540
44562
44599
44600
44607
44609
44610
44613
44615
44722
44830
44857
44917
45022
45271
45317
45332
45591
45656
45657
46268
46308
46319
46321
46325
46333
46389
46451
46607
46773
46954
46955
46999
47009
47049
47103
47221
47222
47434
47637
47638
48048
48278
48440
48556
48630
48733
49150
49488
49491
49579
49741
49751
49753
49755
50048
50050
50063
50253
50417
50436
50444
50704
50885
50902
50908
51008
51086
51409
51412
51414
51416
51543
51630
52044
52074
52163
52179
52415
52446
52882
52884
52885
53060
53304
53513
53743
53807
53820
53893
53898
53918
53990
54075
54076
54078
54099
54216
54328
54452
54844
54847
54915
55214
55215
55216
55330
55575
55623
55691
55694
55873
55931
56201
56202
56203
56226
56399
56493
56888
57091
57197
57252
57253
57432
57473
57475
57521
57731
57737
57738
57753
57791
57794
57851
57960
58303
58314
58399
58686
58774
58775
58919
58991
59025
59103
59106
59109
59358
59359
59488
59655
59662
59684
59711
59913
59967
59983
59987
60135
60136
60137
60138
60203
60264
60295
60491
60628
60713
60998
61102
61322
61520
61583
61801
61817
61981
62130
62138
62322
62376
62549
62835
63147
63244
63252
63283
63298
63398
63427
63432
63434
63500
63547
63859
63924
64212
64223
64368
64432
64466
64474
64557
64559
64572
64599
64753
64800
64801
64802
64891
65003
65212
65250
65441
65554
65892
66113
66221
66284
66417
66425
66447
66487
66596
66623
66660
66705
66857
67067
67295
67296
67374
67391
67407
67449
67454
67531
67720
67721
67862
68015
68050
68176
68232
68240
68374
68376
68786
68832
69058
69256
69258
69380
69381
69382
69473
69476
69537
69663
69760
69885
69967
70147
70305
70613
70614
70615
70618
Traceback (most recent call last):
  File "C:\Python34\lib\site-packages\requests\packages\urllib3\connection.py", line 142, in _new_conn
    (self.host, self.port), self.timeout, **extra_kw)
  File "C:\Python34\lib\site-packages\requests\packages\urllib3\util\connection.py", line 91, in create_connection
    raise err
  File "C:\Python34\lib\site-packages\requests\packages\urllib3\util\connection.py", line 81, in create_connection
    sock.connect(sa)
OSError: [WinError 10048] Обычно разрешается одно использование адреса сокета (протокол/сетевой адрес/порт)

During handling of the above exception, another exception occurred:

Traceback (most recent call last):
  File "C:\Python34\lib\site-packages\requests\packages\urllib3\connectionpool.py", line 578, in urlopen
    chunked=chunked)
  File "C:\Python34\lib\site-packages\requests\packages\urllib3\connectionpool.py", line 351, in _make_request
    self._validate_conn(conn)
  File "C:\Python34\lib\site-packages\requests\packages\urllib3\connectionpool.py", line 814, in _validate_conn
    conn.connect()
  File "C:\Python34\lib\site-packages\requests\packages\urllib3\connection.py", line 254, in connect
    conn = self._new_conn()
  File "C:\Python34\lib\site-packages\requests\packages\urllib3\connection.py", line 151, in _new_conn
    self, "Failed to establish a new connection: %s" % e)
requests.packages.urllib3.exceptions.NewConnectionError: <requests.packages.urllib3.connection.VerifiedHTTPSConnection object at 0x03869910>: Failed to establish a new connection: [WinError 10048] Обычно разрешается одно использование адреса сокета (протокол/сетевой адрес/порт)

During handling of the above exception, another exception occurred:

Traceback (most recent call last):
  File "C:\Python34\lib\site-packages\requests\adapters.py", line 403, in send
    timeout=timeout
  File "C:\Python34\lib\site-packages\requests\packages\urllib3\connectionpool.py", line 623, in urlopen
    _stacktrace=sys.exc_info()[2])
  File "C:\Python34\lib\site-packages\requests\packages\urllib3\util\retry.py", line 281, in increment
    raise MaxRetryError(_pool, url, error or ResponseError(cause))
requests.packages.urllib3.exceptions.MaxRetryError: HTTPSConnectionPool(host='e-dostavka.by', port=443): Max retries exceeded with url: /catalog/item_70763.html (Caused by NewConnectionError('<requests.packages.urllib3.connection.VerifiedHTTPSConnection object at 0x03869910>: Failed to establish a new connection: [WinError 10048] Обычно разрешается одно использование адреса сокета (протокол/сетевой адрес/порт)',))

During handling of the above exception, another exception occurred:

Traceback (most recent call last):
  File "C:\Python34\evroopt.py", line 119, in <module>
    a=Order()
  File "C:\Python34\evroopt.py", line 13, in __init__
    self.url = self.create_product_db()
  File "C:\Python34\evroopt.py", line 65, in create_product_db
    result = requests.get(url).text
  File "C:\Python34\lib\site-packages\requests\api.py", line 71, in get
    return request('get', url, params=params, **kwargs)
  File "C:\Python34\lib\site-packages\requests\api.py", line 57, in request
    return session.request(method=method, url=url, **kwargs)
  File "C:\Python34\lib\site-packages\requests\sessions.py", line 475, in request
    resp = self.send(prep, **send_kwargs)
  File "C:\Python34\lib\site-packages\requests\sessions.py", line 585, in send
    r = adapter.send(request, **kwargs)
  File "C:\Python34\lib\site-packages\requests\adapters.py", line 467, in send
    raise ConnectionError(e, request=request)
requests.exceptions.ConnectionError: HTTPSConnectionPool(host='e-dostavka.by', port=443): Max retries exceeded with url: /catalog/item_70763.html (Caused by NewConnectionError('<requests.packages.urllib3.connection.VerifiedHTTPSConnection object at 0x03869910>: Failed to establish a new connection: [WinError 10048] Обычно разрешается одно использование адреса сокета (протокол/сетевой адрес/порт)',))
>>> 
